[    0.000000] Linux version 4.15.0-212-generic (buildd@lcy02-amd64-083) (gcc version 7.5.0 (Ubuntu 7.5.0-3ubuntu1~18.04)) #223-Ubuntu SMP Tue May 23 13:09:22 UTC 2023 (Ubuntu 4.15.0-212.223-generic 4.15.18)
[    0.000000] Command line: BOOT_IMAGE=/boot/vmlinuz-4.15.0-212-generic root=LABEL=cloudimg-rootfs ro console=tty1 console=ttyS0
[    0.000000] KERNEL supported cpus:
[    0.000000]   Intel GenuineIntel
[    0.000000]   AMD AuthenticAMD
[    0.000000]   Centaur CentaurHauls
[    0.000000] x86/fpu: Supporting XSAVE feature 0x001: 'x87 floating point registers'
[    0.000000] x86/fpu: Supporting XSAVE feature 0x002: 'SSE registers'
[    0.000000] x86/fpu: Supporting XSAVE feature 0x004: 'AVX registers'
[    0.000000] x86/fpu: xstate_offset[2]:  576, xstate_sizes[2]:  256
[    0.000000] x86/fpu: Enabled xstate features 0x7, context size is 832 bytes, using 'standard' format.
[    0.000000] e820: BIOS-provided physical RAM map:
[    0.000000] BIOS-e820: [mem 0x0000000000000000-0x000000000009fbff] usable
[    0.000000] BIOS-e820: [mem 0x000000000009fc00-0x000000000009ffff] reserved
[    0.000000] BIOS-e820: [mem 0x00000000000f0000-0x00000000000fffff] reserved
[    0.000000] BIOS-e820: [mem 0x0000000000100000-0x000000003ffeffff] usable
[    0.000000] BIOS-e820: [mem 0x000000003fff0000-0x000000003fffffff] ACPI data
[    0.000000] BIOS-e820: [mem 0x00000000fec00000-0x00000000fec00fff] reserved
[    0.000000] BIOS-e820: [mem 0x00000000fee00000-0x00000000fee00fff] reserved
[    0.000000] BIOS-e820: [mem 0x00000000fffc0000-0x00000000ffffffff] reserved
[    0.000000] NX (Execute Disable) protection: active
[    0.000000] SMBIOS 2.5 present.
[    0.000000] DMI: innotek GmbH VirtualBox/VirtualBox, BIOS VirtualBox 12/01/2006
[    0.000000] Hypervisor detected: KVM
[    0.000000] e820: last_pfn = 0x3fff0 max_arch_pfn = 0x400000000
[    0.000000] x86/PAT: Configuration [0-7]: WB  WC  UC- UC  WB  WP  UC- WT  
[    0.000000] found SMP MP-table at [mem 0x0009fbf0-0x0009fbff]
[    0.000000] Scanning 1 areas for low memory corruption
[    0.000000] RAMDISK: [mem 0x359cb000-0x36cdcfff]
[    0.000000] ACPI: Early table checksum verification disabled
[    0.000000] ACPI: RSDP 0x00000000000E0000 000024 (v02 VBOX  )
[    0.000000] ACPI: XSDT 0x000000003FFF0030 00003C (v01 VBOX   VBOXXSDT 00000001 ASL  00000061)
[    0.000000] ACPI: FACP 0x000000003FFF00F0 0000F4 (v04 VBOX   VBOXFACP 00000001 ASL  00000061)
[    0.000000] ACPI: DSDT 0x000000003FFF0610 002353 (v02 VBOX   VBOXBIOS 00000002 INTL 20230628)
[    0.000000] ACPI: FACS 0x000000003FFF0200 000040
[    0.000000] ACPI: FACS 0x000000003FFF0200 000040
[    0.000000] ACPI: APIC 0x000000003FFF0240 00005C (v02 VBOX   VBOXAPIC 00000001 ASL  00000061)
[    0.000000] ACPI: SSDT 0x000000003FFF02A0 00036C (v01 VBOX   VBOXCPUT 00000002 INTL 20230628)
[    0.000000] ACPI: Reserving FACP table memory at [mem 0x3fff00f0-0x3fff01e3]
[    0.000000] ACPI: Reserving DSDT table memory at [mem 0x3fff0610-0x3fff2962]
[    0.000000] ACPI: Reserving FACS table memory at [mem 0x3fff0200-0x3fff023f]
[    0.000000] ACPI: Reserving FACS table memory at [mem 0x3fff0200-0x3fff023f]
[    0.000000] ACPI: Reserving APIC table memory at [mem 0x3fff0240-0x3fff029b]
[    0.000000] ACPI: Reserving SSDT table memory at [mem 0x3fff02a0-0x3fff060b]
[    0.000000] No NUMA configuration found
[    0.000000] Faking a node at [mem 0x0000000000000000-0x000000003ffeffff]
[    0.000000] NODE_DATA(0) allocated [mem 0x3ffc5000-0x3ffeffff]
[    0.000000] kvm-clock: cpu 0, msr 0:3ff44001, primary cpu clock
[    0.000000] kvm-clock: Using msrs 4b564d01 and 4b564d00
[    0.000000] kvm-clock: using sched offset of 3277450675 cycles
[    0.000000] clocksource: kvm-clock: mask: 0xffffffffffffffff max_cycles: 0x1cd42e4dffb, max_idle_ns: 881590591483 ns
[    0.000000] Zone ranges:
[    0.000000]   DMA      [mem 0x0000000000001000-0x0000000000ffffff]
[    0.000000]   DMA32    [mem 0x0000000001000000-0x000000003ffeffff]
[    0.000000]   Normal   empty
[    0.000000]   Device   empty
[    0.000000] Movable zone start for each node
[    0.000000] Early memory node ranges
[    0.000000]   node   0: [mem 0x0000000000001000-0x000000000009efff]
[    0.000000]   node   0: [mem 0x0000000000100000-0x000000003ffeffff]
[    0.000000] Reserved but unavailable: 104 pages
[    0.000000] Initmem setup node 0 [mem 0x0000000000001000-0x000000003ffeffff]
[    0.000000] ACPI: PM-Timer IO Port: 0x4008
[    0.000000] IOAPIC[0]: apic_id 2, version 32, address 0xfec00000, GSI 0-23
[    0.000000] ACPI: INT_SRC_OVR (bus 0 bus_irq 0 global_irq 2 dfl dfl)
[    0.000000] ACPI: INT_SRC_OVR (bus 0 bus_irq 9 global_irq 9 low level)
[    0.000000] Using ACPI (MADT) for SMP configuration information
[    0.000000] smpboot: Allowing 2 CPUs, 0 hotplug CPUs
[    0.000000] PM: Registered nosave memory: [mem 0x00000000-0x00000fff]
[    0.000000] PM: Registered nosave memory: [mem 0x0009f000-0x0009ffff]
[    0.000000] PM: Registered nosave memory: [mem 0x000a0000-0x000effff]
[    0.000000] PM: Registered nosave memory: [mem 0x000f0000-0x000fffff]
[    0.000000] e820: [mem 0x40000000-0xfebfffff] available for PCI devices
[    0.000000] Booting paravirtualized kernel on KVM
[    0.000000] clocksource: refined-jiffies: mask: 0xffffffff max_cycles: 0xffffffff, max_idle_ns: 7645519600211568 ns
[    0.000000] setup_percpu: NR_CPUS:8192 nr_cpumask_bits:2 nr_cpu_ids:2 nr_node_ids:1
[    0.000000] percpu: Embedded 50 pages/cpu s167936 r8192 d28672 u1048576
[    0.000000] PV qspinlock hash table entries: 256 (order: 0, 4096 bytes)
[    0.000000] Built 1 zonelists, mobility grouping on.  Total pages: 257913
[    0.000000] Policy zone: DMA32
[    0.000000] Kernel command line: BOOT_IMAGE=/boot/vmlinuz-4.15.0-212-generic root=LABEL=cloudimg-rootfs ro console=tty1 console=ttyS0
[    0.000000] Memory: 982644K/1048120K available (12300K kernel code, 2477K rwdata, 4324K rodata, 2480K init, 2720K bss, 65476K reserved, 0K cma-reserved)
[    0.000000] SLUB: HWalign=64, Order=0-3, MinObjects=0, CPUs=2, Nodes=1
[    0.000000] Kernel/User page tables isolation: enabled
[    0.000000] ftrace: allocating 39508 entries in 155 pages
[    0.004000] Hierarchical RCU implementation.
[    0.004000] 	RCU restricting CPUs from NR_CPUS=8192 to nr_cpu_ids=2.
[    0.004000] 	Tasks RCU enabled.
[    0.004000] RCU: Adjusting geometry for rcu_fanout_leaf=16, nr_cpu_ids=2
[    0.004000] NR_IRQS: 524544, nr_irqs: 440, preallocated irqs: 16
[    0.004000] random: crng init done
[    0.004000] Console: colour VGA+ 80x25
[    0.004000] console [tty1] enabled
[    0.004000] console [ttyS0] enabled
[    0.004000] ACPI: Core revision 20170831
[    0.004000] ACPI: 2 ACPI AML tables successfully acquired and loaded
[    0.004000] APIC: Switch to symmetric I/O mode setup
[    0.004000] x2apic enabled
[    0.004000] Switched APIC routing to physical x2apic.
[    0.004000] ..TIMER: vector=0x30 apic1=0 pin1=2 apic2=-1 pin2=-1
[    0.004000] tsc: Detected 2092.946 MHz processor
[    0.004000] Calibrating delay loop (skipped) preset value.. 4185.89 BogoMIPS (lpj=8371784)
[    0.004000] pid_max: default: 32768 minimum: 301
[    0.004000] Security Framework initialized
[    0.004000] Yama: becoming mindful.
[    0.004000] AppArmor: AppArmor initialized
[    0.004000] Dentry cache hash table entries: 131072 (order: 8, 1048576 bytes)
[    0.004000] Inode-cache hash table entries: 65536 (order: 7, 524288 bytes)
[    0.004000] Mount-cache hash table entries: 2048 (order: 2, 16384 bytes)
[    0.004000] Mountpoint-cache hash table entries: 2048 (order: 2, 16384 bytes)
[    0.004000] Last level iTLB entries: 4KB 64, 2MB 8, 4MB 8
[    0.004000] Last level dTLB entries: 4KB 64, 2MB 0, 4MB 0, 1GB 4
[    0.004000] Spectre V1 : Mitigation: usercopy/swapgs barriers and __user pointer sanitization
[    0.004000] Spectre V2 : Mitigation: Retpolines
[    0.004000] Spectre V2 : Spectre v2 / SpectreRSB mitigation: Filling RSB on context switch
[    0.004000] Spectre V2 : Spectre v2 / SpectreRSB : Filling RSB on VMEXIT
[    0.004000] RETBleed: WARNING: Spectre v2 mitigation leaves CPU vulnerable to RETBleed attacks, data leaks possible!
[    0.004000] RETBleed: Vulnerable
[    0.004000] Speculative Store Bypass: Vulnerable
[    0.004000] MDS: Mitigation: Clear CPU buffers
[    0.004000] MMIO Stale Data: Mitigation: Clear CPU buffers
[    0.004000] SRBDS: Unknown: Dependent on hypervisor status
[    0.004000] Freeing SMP alternatives memory: 36K
[    0.119989] APIC calibration not consistent with PM-Timer: 107ms instead of 100ms
[    0.120000] APIC delta adjusted to PM-Timer: 6481649 (6990561)
[    0.120047] smpboot: CPU0: Intel(R) Core(TM) i7-8650U CPU @ 1.90GHz (family: 0x6, model: 0x8e, stepping: 0xa)
[    0.121671] Performance Events: unsupported p6 CPU model 142 no PMU driver, software events only.
[    0.123106] Hierarchical SRCU implementation.
[    0.124000] NMI watchdog: Perf event create on CPU 0 failed with -2
[    0.124001] NMI watchdog: Perf NMI watchdog permanently disabled
[    0.124948] smp: Bringing up secondary CPUs ...
[    0.125744] x86: Booting SMP configuration:
[    0.126418] .... node  #0, CPUs:      #1
[    0.004000] kvm-clock: cpu 1, msr 0:3ff44041, secondary cpu clock
[    0.130366] smp: Brought up 1 node, 2 CPUs
[    0.130366] smpboot: Max logical packages: 1
[    0.130366] smpboot: Total of 2 processors activated (8371.78 BogoMIPS)
[    0.132296] devtmpfs: initialized
[    0.132798] x86/mm: Memory block size: 128MB
[    0.133700] evm: security.selinux
[    0.134259] evm: security.SMACK64
[    0.136003] evm: security.SMACK64EXEC
[    0.136597] evm: security.SMACK64TRANSMUTE
[    0.137248] evm: security.SMACK64MMAP
[    0.137844] evm: security.apparmor
[    0.138447] evm: security.ima
[    0.139008] evm: security.capability
[    0.139653] clocksource: jiffies: mask: 0xffffffff max_cycles: 0xffffffff, max_idle_ns: 7645041785100000 ns
[    0.140006] futex hash table entries: 512 (order: 3, 32768 bytes)
[    0.140972] pinctrl core: initialized pinctrl subsystem
[    0.142171] RTC time: 18:16:36, date: 02/28/25
[    0.143086] NET: Registered protocol family 16
[    0.143860] audit: initializing netlink subsys (disabled)
[    0.144019] audit: type=2000 audit(1740766600.860:1): state=initialized audit_enabled=0 res=1
[    0.144139] cpuidle: using governor ladder
[    0.144673] cpuidle: using governor menu
[    0.148038] ACPI: bus type PCI registered
[    0.148740] acpiphp: ACPI Hot Plug PCI Controller Driver version: 0.5
[    0.149797] PCI: Using configuration type 1 for base access
[    0.152028] HugeTLB registered 2.00 MiB page size, pre-allocated 0 pages
[    0.153071] ACPI: Added _OSI(Module Device)
[    0.153071] ACPI: Added _OSI(Processor Device)
[    0.153532] ACPI: Added _OSI(3.0 _SCP Extensions)
[    0.154320] ACPI: Added _OSI(Processor Aggregator Device)
[    0.156002] ACPI: Added _OSI(Linux-Dell-Video)
[    0.156703] ACPI: Added _OSI(Linux-Lenovo-NV-HDMI-Audio)
[    0.157592] ACPI: Added _OSI(Linux-HPI-Hybrid-Graphics)
[    0.158624] ACPI: Executed 1 blocks of module-level executable AML code
[    0.163188] ACPI: Interpreter enabled
[    0.163867] ACPI: (supports S0 S5)
[    0.164000] ACPI: Using IOAPIC for interrupt routing
[    0.164238] PCI: Using host bridge windows from ACPI; if necessary, use "pci=nocrs" and report a bug
[    0.165808] ACPI: Enabled 2 GPEs in block 00 to 07
[    0.172733] ACPI: PCI Root Bridge [PCI0] (domain 0000 [bus 00-ff])
[    0.173752] acpi PNP0A03:00: _OSC: OS supports [ASPM ClockPM Segments MSI]
[    0.175332] acpi PNP0A03:00: _OSC: not requesting OS control; OS requires [ExtendedConfig ASPM ClockPM MSI]
[    0.176010] acpi PNP0A03:00: fail to add MMCONFIG information, can't access extended PCI configuration space under this bridge.
[    0.178035] PCI host bridge to bus 0000:00
[    0.180003] pci_bus 0000:00: root bus resource [io  0x0000-0x0cf7 window]
[    0.181130] pci_bus 0000:00: root bus resource [io  0x0d00-0xffff window]
[    0.182178] pci_bus 0000:00: root bus resource [mem 0x000a0000-0x000bffff window]
[    0.183397] pci_bus 0000:00: root bus resource [mem 0x40000000-0xfdffffff window]
[    0.184002] pci_bus 0000:00: root bus resource [bus 00-ff]
[    0.186308] pci 0000:00:01.1: legacy IDE quirk: reg 0x10: [io  0x01f0-0x01f7]
[    0.188002] pci 0000:00:01.1: legacy IDE quirk: reg 0x14: [io  0x03f6]
[    0.188976] pci 0000:00:01.1: legacy IDE quirk: reg 0x18: [io  0x0170-0x0177]
[    0.190069] pci 0000:00:01.1: legacy IDE quirk: reg 0x1c: [io  0x0376]
[    0.201303] pci 0000:00:07.0: quirk: [io  0x4000-0x403f] claimed by PIIX4 ACPI
[    0.202576] pci 0000:00:07.0: quirk: [io  0x4100-0x410f] claimed by PIIX4 SMB
[    0.209978] ACPI: PCI Interrupt Link [LNKA] (IRQs 5 9 10 *11)
[    0.211329] ACPI: PCI Interrupt Link [LNKB] (IRQs 5 9 *10 11)
[    0.212116] ACPI: PCI Interrupt Link [LNKC] (IRQs 5 *9 10 11)
[    0.213097] ACPI: PCI Interrupt Link [LNKD] (IRQs 5 9 10 *11)
[    0.214375] SCSI subsystem initialized
[    0.215061] pci 0000:00:02.0: vgaarb: setting as boot VGA device
[    0.215061] pci 0000:00:02.0: vgaarb: VGA device added: decodes=io+mem,owns=io+mem,locks=none
[    0.216007] pci 0000:00:02.0: vgaarb: bridge control possible
[    0.216941] vgaarb: loaded
[    0.217490] ACPI: bus type USB registered
[    0.218148] usbcore: registered new interface driver usbfs
[    0.220015] usbcore: registered new interface driver hub
[    0.220879] usbcore: registered new device driver usb
[    0.221739] EDAC MC: Ver: 3.0.0
[    0.221739] PCI: Using ACPI for IRQ routing
[    0.224175] NetLabel: Initializing
[    0.224745] NetLabel:  domain hash size = 128
[    0.225433] NetLabel:  protocols = UNLABELED CIPSOv4 CALIPSO
[    0.226349] NetLabel:  unlabeled traffic allowed by default
[    0.227252] clocksource: Switched to clocksource kvm-clock
[    0.232755] VFS: Disk quotas dquot_6.6.0
[    0.232755] VFS: Dquot-cache hash table entries: 512 (order 0, 4096 bytes)
[    0.232755] AppArmor: AppArmor Filesystem Enabled
[    0.232755] pnp: PnP ACPI init
[    0.232755] pnp: PnP ACPI: found 3 devices
[    0.246165] clocksource: acpi_pm: mask: 0xffffff max_cycles: 0xffffff, max_idle_ns: 2085701024 ns
[    0.247655] NET: Registered protocol family 2
[    0.248167] IP idents hash table entries: 16384 (order: 5, 131072 bytes)
[    0.248167] TCP established hash table entries: 8192 (order: 4, 65536 bytes)
[    0.250951] TCP bind hash table entries: 8192 (order: 5, 131072 bytes)
[    0.251932] TCP: Hash tables configured (established 8192 bind 8192)
[    0.252893] UDP hash table entries: 512 (order: 2, 16384 bytes)
[    0.253780] UDP-Lite hash table entries: 512 (order: 2, 16384 bytes)
[    0.254740] NET: Registered protocol family 1
[    0.254926] pci 0000:00:00.0: Limiting direct PCI/PCI transfers
[    0.254926] pci 0000:00:01.0: Activating ISA DMA hang workarounds
[    0.254926] pci 0000:00:02.0: Video device with shadowed ROM at [mem 0x000c0000-0x000dffff]
[    0.254926] Unpacking initramfs...
[    0.254926] Freeing initrd memory: 19528K
[    0.254926] clocksource: tsc: mask: 0xffffffffffffffff max_cycles: 0x1e2b28d95f5, max_idle_ns: 440795254449 ns
[    0.254926] platform rtc_cmos: registered platform RTC device (no PNP device found)
[    0.254926] Scanning for low memory corruption every 60 seconds
[    0.488600] Initialise system trusted keyrings
[    0.489389] Key type blacklist registered
[    0.490119] workingset: timestamp_bits=36 max_order=18 bucket_order=0
[    0.492023] zbud: loaded
[    0.493003] squashfs: version 4.0 (2009/01/31) Phillip Lougher
[    0.494077] fuse init (API version 7.26)
[    0.496004] Key type asymmetric registered
[    0.496756] Asymmetric key parser 'x509' registered
[    0.497572] Block layer SCSI generic (bsg) driver version 0.4 loaded (major 246)
[    0.498956] io scheduler noop registered
[    0.499597] io scheduler deadline registered
[    0.500299] io scheduler cfq registered (default)
[    0.501394] ACPI: AC Adapter [AC] (on-line)
[    0.502152] input: Power Button as /devices/LNXSYSTM:00/LNXPWRBN:00/input/input0
[    0.503377] ACPI: Power Button [PWRF]
[    0.504025] input: Sleep Button as /devices/LNXSYSTM:00/LNXSLPBN:00/input/input1
[    0.505264] ACPI: Sleep Button [SLPF]
[    0.506793] ACPI: Battery Slot [BAT0] (battery present)
[    0.507803] Serial: 8250/16550 driver, 32 ports, IRQ sharing enabled
[    0.529369] 00:02: ttyS0 at I/O 0x3f8 (irq = 4, base_baud = 115200) is a 16550A
[    0.532553] Linux agpgart interface v0.103
[    0.534884] loop: module loaded
[    0.535933] scsi host0: ata_piix
[    0.536684] scsi host1: ata_piix
[    0.537306] ata1: PATA max UDMA/33 cmd 0x1f0 ctl 0x3f6 bmdma 0xd000 irq 14
[    0.538393] ata2: PATA max UDMA/33 cmd 0x170 ctl 0x376 bmdma 0xd008 irq 15
[    0.539560] tun: Universal TUN/TAP device driver, 1.6
[    0.540411] PPP generic driver version 2.4.2
[    0.541190] ehci_hcd: USB 2.0 'Enhanced' Host Controller (EHCI) Driver
[    0.542163] ehci-pci: EHCI PCI platform driver
[    0.542878] ehci-platform: EHCI generic platform driver
[    0.543688] ohci_hcd: USB 1.1 'Open' Host Controller (OHCI) Driver
[    0.544676] ohci-pci: OHCI PCI platform driver
[    0.545387] ohci-platform: OHCI generic platform driver
[    0.546269] uhci_hcd: USB Universal Host Controller Interface driver
[    0.547324] i8042: PNP: PS/2 Controller [PNP0303:PS2K,PNP0f03:PS2M] at 0x60,0x64 irq 1,12
[    0.549108] serio: i8042 KBD port at 0x60,0x64 irq 1
[    0.550058] serio: i8042 AUX port at 0x60,0x64 irq 12
[    0.551117] mousedev: PS/2 mouse device common for all mice
[    0.552509] input: AT Translated Set 2 keyboard as /devices/platform/i8042/serio0/input/input2
[    0.553916] rtc_cmos rtc_cmos: rtc core: registered rtc_cmos as rtc0
[    0.555078] rtc_cmos rtc_cmos: alarms up to one day, 114 bytes nvram
[    0.556035] i2c /dev entries driver
[    0.556664] device-mapper: uevent: version 1.0.3
[    0.557510] device-mapper: ioctl: 4.37.0-ioctl (2017-09-20) initialised: dm-devel@redhat.com
[    0.558910] ledtrig-cpu: registered to indicate activity on CPUs
[    0.560167] NET: Registered protocol family 10
[    0.564211] Segment Routing with IPv6
[    0.564898] NET: Registered protocol family 17
[    0.565706] Key type dns_resolver registered
[    0.566730] mce: Using 0 MCE banks
[    0.567318] RAS: Correctable Errors collector initialized.
[    0.568182] sched_clock: Marking stable (566701146, 0)->(755068136, -188366990)
[    0.569866] registered taskstats version 1
[    0.570574] Loading compiled-in X.509 certificates
[    0.573347] Loaded X.509 cert 'Build time autogenerated kernel key: b5b26778eaa3ab3a4a6cee031137706e947d12ad'
[    0.575336] Loaded X.509 cert 'Canonical Ltd. Live Patch Signing: 14df34d1a87cf37625abec039ef2bf521249b969'
[    0.577252] Loaded X.509 cert 'Canonical Ltd. Kernel Module Signing: 88f752e560a1e0737e31163a466ad7b70a850c19'
[    0.578761] blacklist: Loading compiled-in revocation X.509 certificates
[    0.579766] Loaded X.509 cert 'Canonical Ltd. Secure Boot Signing: 61482aa2830d0ab2ad5af10b7250da9033ddcef0'
[    0.581284] Loaded X.509 cert 'Canonical Ltd. Secure Boot Signing (2017): 242ade75ac4a15e50d50c84b0d45ff3eae707a03'
[    0.582868] Loaded X.509 cert 'Canonical Ltd. Secure Boot Signing (ESM 2018): 365188c1d374d6b07c3c8f240f8ef722433d6a8b'
[    0.584498] Loaded X.509 cert 'Canonical Ltd. Secure Boot Signing (2019): c0746fd6c5da3ae827864651ad66ae47fe24b3e8'
[    0.586071] Loaded X.509 cert 'Canonical Ltd. Secure Boot Signing (2021 v1): a8d54bbb3825cfb94fa13c9f8a594a195c107b8d'
[    0.587677] Loaded X.509 cert 'Canonical Ltd. Secure Boot Signing (2021 v2): 4cf046892d6fd3c9a5b03f98d845f90851dc6a8c'
[    0.589294] Loaded X.509 cert 'Canonical Ltd. Secure Boot Signing (2021 v3): 100437bb6de6e469b581e61cd66bce3ef4ed53af'
[    0.590966] Loaded X.509 cert 'Canonical Ltd. Secure Boot Signing (Ubuntu Core 2019): c1d57b8f6b743f23ee41f4f7ee292f06eecadfb9'
[    0.592812] zswap: loaded using pool lzo/zbud
[    0.596694] Key type big_key registered
[    0.597391] Key type trusted registered
[    0.599394] Key type encrypted registered
[    0.600110] AppArmor: AppArmor sha1 policy hashing enabled
[    0.600977] ima: No TPM chip found, activating TPM-bypass! (rc=-19)
[    0.601926] ima: Allocated hash algorithm: sha1
[    0.602658] evm: HMAC attrs: 0x1
[    0.603403]   Magic number: 13:708:292
[    0.604081] tty tty25: hash matches
[    0.604771] rtc_cmos rtc_cmos: setting system clock to 2025-02-28 18:16:37 UTC (1740766597)
[    0.606189] BIOS EDD facility v0.16 2004-Jun-25, 0 devices found
[    0.607145] EDD information not available.
[    0.731821] Freeing unused kernel image memory: 2480K
[    0.744130] Write protecting the kernel read-only data: 20480k
[    0.746817] Freeing unused kernel image memory: 2008K
[    0.748848] Freeing unused kernel image memory: 1820K
[    0.765199] x86/mm: Checked W+X mappings: passed, no W+X pages found.
[    0.766961] x86/mm: Checking user space page tables
[    0.781348] x86/mm: Checked W+X mappings: passed, no W+X pages found.
Loading, please wait...
starting version 237
[    0.836508] e1000: Intel(R) PRO/1000 Network Driver - version 7.3.21-k8-NAPI
[    0.837674] e1000: Copyright (c) 1999-2006 Intel Corporation.
[    0.842379] Fusion MPT base driver 3.04.20
[    0.843112] Copyright (c) 1999-2008 LSI Corporation
[    0.847347] Fusion MPT SPI Host driver 3.04.20
[    0.862449] AVX2 version of gcm_enc/dec engaged.
[    0.863332] AES CTR mode by8 optimization enabled
[    1.058405] input: ImExPS/2 Generic Explorer Mouse as /devices/platform/i8042/serio1/input/input4
[    1.327338] e1000 0000:00:03.0 eth0: (PCI:33MHz:32-bit) 02:3b:7b:b7:3b:2d
[    1.331632] e1000 0000:00:03.0 eth0: Intel(R) PRO/1000 Network Connection
[    1.337856] mptbase: ioc0: Initiating bringup
[    2.474341] ioc0: LSI53C1030 A0: Capabilities={Initiator}
[    4.534619] scsi host2: ioc0: LSI53C1030 A0, FwRev=00000000h, Ports=1, MaxQ=256, IRQ=20
[    6.289612] scsi 2:0:0:0: Direct-Access     VBOX     HARDDISK         1.0  PQ: 0 ANSI: 5
[    6.348357] scsi target2:0:0: Beginning Domain Validation
[    6.358916] scsi target2:0:0: Domain Validation skipping write tests
[    6.363707] scsi target2:0:0: Ending Domain Validation
[    6.368097] scsi target2:0:0: asynchronous
[    6.372109] scsi 2:0:1:0: Direct-Access     VBOX     HARDDISK         1.0  PQ: 0 ANSI: 5
[    6.662214] scsi target2:0:1: Beginning Domain Validation
[    6.665424] scsi target2:0:1: Domain Validation skipping write tests
[    6.666514] scsi target2:0:1: Ending Domain Validation
[    6.667513] scsi target2:0:1: asynchronous
[    6.671434] sd 2:0:0:0: Attached scsi generic sg0 type 0
[    6.672881] sd 2:0:0:0: [sda] 83886080 512-byte logical blocks: (42.9 GB/40.0 GiB)
[    6.674357] sd 2:0:1:0: Attached scsi generic sg1 type 0
[    6.674369] sd 2:0:0:0: [sda] Write Protect is off
[    6.676526] sd 2:0:1:0: [sdb] 20480 512-byte logical blocks: (10.5 MB/10.0 MiB)
[    6.677769] sd 2:0:0:0: [sda] Incomplete mode parameter data
[    6.678751] sd 2:0:0:0: [sda] Assuming drive cache: write through
[    6.679734] sd 2:0:1:0: [sdb] Write Protect is off
[    6.680687] sd 2:0:1:0: [sdb] Incomplete mode parameter data
[    6.681692] sd 2:0:1:0: [sdb] Assuming drive cache: write through
[    6.684429]  sda: sda1
[    6.685624] sd 2:0:0:0: [sda] Attached SCSI disk
[    6.687534] sd 2:0:1:0: [sdb] Attached SCSI disk
[    6.695479] e1000 0000:00:08.0 eth1: (PCI:33MHz:32-bit) 08:00:27:e3:34:77
[    6.697503] e1000 0000:00:08.0 eth1: Intel(R) PRO/1000 Network Connection
[    6.699921] e1000 0000:00:08.0 enp0s8: renamed from eth1
[    6.716866] e1000 0000:00:03.0 enp0s3: renamed from eth0
Begin: Loading essential drivers ... [    8.263773] raid6: sse2x1   gen() 14737 MB/s
[    8.315652] raid6: sse2x1   xor() 10428 MB/s
[    8.371668] raid6: sse2x2   gen() 19395 MB/s
[    8.427713] raid6: sse2x2   xor() 12836 MB/s
[    8.479697] raid6: sse2x4   gen() 20065 MB/s
[    8.528087] raid6: sse2x4   xor() 11592 MB/s
[    8.580036] raid6: avx2x1   gen() 28787 MB/s
[    8.643759] raid6: avx2x1   xor() 18555 MB/s
[    8.699731] raid6: avx2x2   gen() 36580 MB/s
[    8.751642] raid6: avx2x2   xor() 21803 MB/s
[    8.804018] raid6: avx2x4   gen() 40182 MB/s
[    8.859702] raid6: avx2x4   xor() 25680 MB/s
[    8.860683] raid6: using algorithm avx2x4 gen() 40182 MB/s
[    8.861568] raid6: .... xor() 25680 MB/s, rmw enabled
[    8.862470] raid6: using avx2x2 recovery algorithm
[    8.864397] xor: automatically using best checksumming function   avx       
[    8.866590] async_tx: api initialized (async)
done.
Begin: Running /scripts/init-premount ... done.
Begin: Mounting root file system ... Begin: Running /scripts/local-top ... done.
Begin: Running /scripts/local-premount ... [    8.909743] Btrfs loaded, crc32c=crc32c-intel
Scanning for Btrfs filesystems
done.
Warning: fsck not present, so skipping root file system
[    8.941015] EXT4-fs (sda1): mounted filesystem with ordered data mode. Opts: (null)
done.
Begin: Running /scripts/local-bottom ... done.
Begin: Running /scripts/init-bottom ... done.
[    9.219935] ip_tables: (C) 2000-2006 Netfilter Core Team
[    9.236996] systemd[1]: systemd 237 running in system mode. (+PAM +AUDIT +SELINUX +IMA +APPARMOR +SMACK +SYSVINIT +UTMP +LIBCRYPTSETUP +GCRYPT +GNUTLS +ACL +XZ +LZ4 +SECCOMP +BLKID +ELFUTILS +KMOD -IDN2 +IDN -PCRE2 default-hierarchy=hybrid)
[    9.242277] systemd[1]: Detected virtualization oracle.
[    9.243574] systemd[1]: Detected architecture x86-64.

Welcome to [1mUbuntu 18.04.6 LTS[0m!

[    9.261257] systemd[1]: Set hostname to <ubuntu>.
[    9.266113] systemd[1]: Initializing machine ID from random generator.
[    9.267463] systemd[1]: Installed transient /etc/machine-id file.
[    9.611078] systemd[1]: Set up automount Arbitrary Executable File Formats File System Automount Point.
[[0;32m  OK  [0m] Set up automount Arbitrary Executab…rmats File System Automount Point.
[    9.614669] systemd[1]: Reached target Mounting snaps.
[[0;32m  OK  [0m] Reached target Mounting snaps.
[    9.616722] systemd[1]: Reached target Mounted snaps.
[[0;32m  OK  [0m] Reached target Mounted snaps.
[    9.618948] systemd[1]: Started Forward Password Requests to Wall Directory Watch.
[[0;32m  OK  [0m] Started Forward Password Requests to Wall Directory Watch.
[[0;32m  OK  [0m] Reached target User and Group Name Lookups.
[[0;32m  OK  [0m] Reached target System Time Synchronized.
[[0;32m  OK  [0m] Reached target Swap.
[[0;32m  OK  [0m] Created slice System Slice.
[[0;32m  OK  [0m] Listening on Device-mapper event daemon FIFOs.
[[0;32m  OK  [0m] Listening on fsck to fsckd communication Socket.
[[0;32m  OK  [0m] Listening on Network Service Netlink Socket.
[[0;32m  OK  [0m] Listening on Journal Socket.
[[0;32m  OK  [0m] Created slice system-serial\x2dgetty.slice.
         Starting Uncomplicated firewall...
         Mounting Kernel Debug File System...
         Starting Create list of required st…ce nodes for the current kernel...
[[0;32m  OK  [0m] Listening on LVM2 poll daemon socket.
[[0;32m  OK  [0m] Listening on /dev/initctl Compatibility Named Pipe.
[[0;32m  OK  [0m] Listening on LVM2 metadata daemon socket.
         Starting Monitoring of LVM2 mirrors…ng dmeventd or progress polling...
         Starting Set the console keyboard layout...
[[0;32m  OK  [0m] Listening on Syslog Socket.
[[0;32m  OK  [0m] Listening on udev Control Socket.
         Starting Load Kernel Modules...
         Starting File System Check on Root Device...
         Mounting POSIX Message Queue File System...
[[0;32m  OK  [0m] Listening on Journal Audit Socket.
[    9.743958] Loading iSCSI transport class v2.0-870.
[    9.754538] iscsi: registered transport (tcp)
[[0;32m  OK  [0m] Created slice User and Session Slice.
[[0;32m  OK  [0m] Reached target Slices.
[[0;32m  OK  [0m] Listening on Journal Socket (/dev/log).
         Starting Journal Service...
         Mounting Huge Pages File System...
[[0;32m  OK  [0m] Listening on udev Kernel Socket.
         Starting udev Coldplug all Devices...
[[0;32m  OK  [0m] Started Uncomplicated firewall.
[[0;32m  OK  [0m] Mounted Kernel Debug File System.
[[0;32m  OK  [0m] Started Create list of required sta…vice nodes for the current kernel.
[[0;32m  OK  [0m] Mounted POSIX Message Queue File System.
[[0;32m  OK  [0m] Mounted Huge Pages File System.
[[0;32m  OK  [0m] Started File System Check Daemon to report status.
         Starting Create Static Device Nodes in /dev...
[[0;32m  OK  [0m] Started File System Check on Root Device.
[[0;32m  OK  [0m] Started LVM2 metadata daemon.
[    9.842287] iscsi: registered transport (iser)
         Starting Remount Root and Kernel File Systems...
[[0;32m  OK  [0m] Started Load Kernel Modules.
         Mounting FUSE Control File System...
         Mounting Kernel Configuration File System...
         Starting Apply Kernel Variables...
[[0;32m  OK  [0m] Started Journal Service.
[[0;32m  OK  [0m] Mounted FUSE Control File System.
[[0;32m  OK  [0m] Mounted Kernel Configuration File System.
[[0;32m  OK  [0m] Started udev Coldplug all Devices.
[[0;32m  OK  [0m] Started Create Static Device Nodes in /dev.
[[0;32m  OK  [0m] Started Remount Root and Kernel File Systems.
         Starting Flush Journal to Persistent Storage...
         Starting udev Kernel Device Manager...
         Starting Load/Save Random Seed...
[[0;32m  OK  [0m] Started Monitoring of LVM2 mirrors,…sing dmeventd or progress polling.
[[0;32m  OK  [0m] Started Apply Kernel Variables.
[[0;32m  OK  [0m] Started udev Kernel Device Manager.
[[0;32m  OK  [0m] Started Load/Save Random Seed.
[[0;32m  OK  [0m] Started Flush Journal to Persistent Storage.
[[0;32m  OK  [0m] Found device /dev/ttyS0.
[[0;32m  OK  [0m] Listening on Load/Save RF Kill Switch Status /dev/rfkill Watch.
         Mounting Arbitrary Executable File Formats File System...
[[0;32m  OK  [0m] Mounted Arbitrary Executable File Formats File System.
[[0;32m  OK  [0m] Started Set the console keyboard layout.
[[0;32m  OK  [0m] Started Dispatch Password Requests to Console Directory Watch.
[[0;32m  OK  [0m] Reached target Local Encrypted Volumes.
[[0;32m  OK  [0m] Reached target Local File Systems (Pre).
[[0;32m  OK  [0m] Reached target Local File Systems.
         Starting ebtables ruleset management...
         Starting Commit a transient machine-id on disk...
         Starting Create Volatile Files and Directories...
         Starting Tell Plymouth To Write Out Runtime Data...
         Starting Set console font and keymap...
         Starting AppArmor initialization...
[[0;32m  OK  [0m] Started Tell Plymouth To Write Out Runtime Data.
[[0;32m  OK  [0m] Started Create Volatile Files and Directories.
         Starting Update UTMP about System Boot/Shutdown...
[[0;32m  OK  [0m] Started Update UTMP about System Boot/Shutdown.
[[0;32m  OK  [0m] Started Commit a transient machine-id on disk.
[[0;32m  OK  [0m] Started ebtables ruleset management.
[[0;32m  OK  [0m] Started Set console font and keymap.
[[0;32m  OK  [0m] Started AppArmor initialization.
         Starting Load AppArmor profiles managed internally by snapd...
         Starting Initial cloud-init job (pre-networking)...
[[0;32m  OK  [0m] Started Load AppArmor profiles managed internally by snapd.
[   14.253340] cloud-init[906]: Cloud-init v. 23.1.2-0ubuntu0~18.04.1 running 'init-local' at Fri, 28 Feb 2025 18:16:50 +0000. Up 13.87 seconds.
[[0;32m  OK  [0m] Started Initial cloud-init job (pre-networking).
[[0;32m  OK  [0m] Reached target Network (Pre).
         Starting Network Service...
[[0;32m  OK  [0m] Started Network Service.
         Starting Network Name Resolution...
         Starting Wait for Network to be Configured...
[[0;32m  OK  [0m] Started Network Name Resolution.
[[0;32m  OK  [0m] Reached target Network.
[[0;32m  OK  [0m] Reached target Host and Network Name Lookups.
[[0;32m  OK  [0m] Started Wait for Network to be Configured.
         Starting Initial cloud-init job (metadata service crawler)...
[   16.829080] cloud-init[1027]: Cloud-init v. 23.1.2-0ubuntu0~18.04.1 running 'init' at Fri, 28 Feb 2025 18:16:53 +0000. Up 16.62 seconds.
[   16.829979] cloud-init[1027]: ci-info: ++++++++++++++++++++++++++++++++++++++Net device info+++++++++++++++++++++++++++++++++++++++
[   16.830971] cloud-init[1027]: ci-info: +--------+-------+----------------------------+---------------+--------+-------------------+
[   16.831900] cloud-init[1027]: ci-info: | Device |   Up  |          Address           |      Mask     | Scope  |     Hw-Address    |
[   16.832850] cloud-init[1027]: ci-info: +--------+-------+----------------------------+---------------+--------+-------------------+
[   16.833707] cloud-init[1027]: ci-info: | enp0s3 |  True |         10.0.2.15          | 255.255.255.0 | global | 02:3b:7b:b7:3b:2d |
[   16.834564] cloud-init[1027]: ci-info: | enp0s3 |  True | fd00::3b:7bff:feb7:3b2d/64 |       .       | global | 02:3b:7b:b7:3b:2d |
[   16.835416] cloud-init[1027]: ci-info: | enp0s3 |  True | fe80::3b:7bff:feb7:3b2d/64 |       .       |  link  | 02:3b:7b:b7:3b:2d |
[   16.836421] cloud-init[1027]: ci-info: | enp0s8 | False |             .              |       .       |   .    | 08:00:27:e3:34:77 |
[   16.837395] cloud-init[1027]: ci-info: |   lo   |  True |         127.0.0.1          |   255.0.0.0   |  host  |         .         |
[   16.838333] cloud-init[1027]: ci-info: |   lo   |  True |          ::1/128           |       .       |  host  |         .         |
[   16.839229] cloud-init[1027]: ci-info: +--------+-------+----------------------------+---------------+--------+-------------------+
[   16.840020] cloud-init[1027]: ci-info: ++++++++++++++++++++++++++++Route IPv4 info+++++++++++++++++++++++++++++
[   16.840840] cloud-init[1027]: ci-info: +-------+-------------+----------+-----------------+-----------+-------+
[   16.841705] cloud-init[1027]: ci-info: | Route | Destination | Gateway  |     Genmask     | Interface | Flags |
[   16.842573] cloud-init[1027]: ci-info: +-------+-------------+----------+-----------------+-----------+-------+
[   16.843460] cloud-init[1027]: ci-info: |   0   |   0.0.0.0   | 10.0.2.2 |     0.0.0.0     |   enp0s3  |   UG  |
[   16.844263] cloud-init[1027]: ci-info: |   1   |   10.0.2.0  | 0.0.0.0  |  255.255.255.0  |   enp0s3  |   U   |
[   16.845045] cloud-init[1027]: ci-info: |   2   |   10.0.2.2  | 0.0.0.0  | 255.255.255.255 |   enp0s3  |   UH  |
[   16.845902] cloud-init[1027]: ci-info: +-------+-------------+----------+-----------------+-----------+-------+
[   16.846758] cloud-init[1027]: ci-info: +++++++++++++++++++Route IPv6 info+++++++++++++++++++
[   16.847502] cloud-init[1027]: ci-info: +-------+-------------+---------+-----------+-------+
[   16.848124] cloud-init[1027]: ci-info: | Route | Destination | Gateway | Interface | Flags |
[   16.848770] cloud-init[1027]: ci-info: +-------+-------------+---------+-----------+-------+
[   16.849487] cloud-init[1027]: ci-info: |   1   |  fd00::/64  |    ::   |   enp0s3  |   U   |
[   16.850179] cloud-init[1027]: ci-info: |   2   |  fe80::/64  |    ::   |   enp0s3  |   U   |
[   16.850890] cloud-init[1027]: ci-info: |   3   |     ::/0    | fe80::2 |   enp0s3  |   UG  |
[   16.851550] cloud-init[1027]: ci-info: |   5   |    local    |    ::   |   enp0s3  |   U   |
[   16.852220] cloud-init[1027]: ci-info: |   6   |   ff00::/8  |    ::   |   enp0s3  |   U   |
[   16.852979] cloud-init[1027]: ci-info: +-------+-------------+---------+-----------+-------+
[   17.633770] cloud-init[1027]: Generating public/private rsa key pair.
[   17.634299] cloud-init[1027]: Your identification has been saved in /etc/ssh/ssh_host_rsa_key.
[   17.635013] cloud-init[1027]: Your public key has been saved in /etc/ssh/ssh_host_rsa_key.pub.
[   17.635732] cloud-init[1027]: The key fingerprint is:
[   17.636144] cloud-init[1027]: SHA256:A9hcZZ6tck1zNuefVR60wOlJ5kI44dWwQlMOr8sNFV8 root@ubuntu-bionic
[   17.636865] cloud-init[1027]: The key's randomart image is:
[   17.637311] cloud-init[1027]: +---[RSA 2048]----+
[   17.637710] cloud-init[1027]: |        .**=+..E |
[   17.638055] cloud-init[1027]: |     + .o=*++*+ .|
[   17.638492] cloud-init[1027]: |    . +  o==O.=oo|
[   17.638837] cloud-init[1027]: |       .  += B =o|
[   17.639285] cloud-init[1027]: |        Soo o   +|
[   17.639699] cloud-init[1027]: |        .++     +|
[   17.640215] cloud-init[1027]: |         o .   ..|
[   17.640627] cloud-init[1027]: |                 |
[   17.641022] cloud-init[1027]: |                 |
[   17.641481] cloud-init[1027]: +----[SHA256]-----+
[   17.641925] cloud-init[1027]: Generating public/private dsa key pair.
[   17.642418] cloud-init[1027]: Your identification has been saved in /etc/ssh/ssh_host_dsa_key.
[   17.643076] cloud-init[1027]: Your public key has been saved in /etc/ssh/ssh_host_dsa_key.pub.
[   17.643733] cloud-init[1027]: The key fingerprint is:
[   17.644160] cloud-init[1027]: SHA256:0mr85xH+01j/KmcXkh/N5jAy5b6OBSUbgu7z+P1VG5E root@ubuntu-bionic
[   17.644849] cloud-init[1027]: The key's randomart image is:
[   17.645323] cloud-init[1027]: +---[DSA 1024]----+
[   17.645760] cloud-init[1027]: |                 |
[   17.646189] cloud-init[1027]: |         .      .|
[   17.646575] cloud-init[1027]: |        . . o .E |
[   17.646900] cloud-init[1027]: |       o   . =. .|
[   17.647273] cloud-init[1027]: |      . S . oo.oo|
[   17.647700] cloud-init[1027]: |     . + . .o+=oB|
[   17.648158] cloud-init[1027]: |      + o o  B+B+|
[   17.648606] cloud-init[1027]: |     . . +.++o=o+|
[   17.649069] cloud-init[1027]: |        o++ +B=+o|
[   17.649519] cloud-init[1027]: +----[SHA256]-----+
[   17.649916] cloud-init[1027]: Generating public/private ecdsa key pair.
[   17.650457] cloud-init[1027]: Your identification has been saved in /etc/ssh/ssh_host_ecdsa_key.
[   17.651129] cloud-init[1027]: Your public key has been saved in /etc/ssh/ssh_host_ecdsa_key.pub.
[   17.651900] cloud-init[1027]: The key fingerprint is:
[   17.652371] cloud-init[1027]: SHA256:2mceUqNonLaNJlm8+7PylR8R1LRmRTIW3DOsSXYvmxA root@ubuntu-bionic
[   17.653125] cloud-init[1027]: The key's randomart image is:
[   17.653611] cloud-init[1027]: +---[ECDSA 256]---+
[   17.653938] cloud-init[1027]: |            .+B+o|
[   17.654381] cloud-init[1027]: |           .E+oX.|
[   17.654824] cloud-init[1027]: |            +.B +|
[   17.655243] cloud-init[1027]: |            .*. .|
[   17.655707] cloud-init[1027]: |     .  S o .. + |
[   17.656079] cloud-init[1027]: |     .o= o o .o  |
[   17.656486] cloud-init[1027]: |     oB.+ * .    |
[   17.656967] cloud-init[1027]: |    oo++.* o .   |
[   17.657414] cloud-init[1027]: |     o+==o. .    |
[   17.657810] cloud-init[1027]: +----[SHA256]-----+
[   17.658203] cloud-init[1027]: Generating public/private ed25519 key pair.
[   17.658772] cloud-init[1027]: Your identification has been saved in /etc/ssh/ssh_host_ed25519_key.
[   17.659504] cloud-init[1027]: Your public key has been saved in /etc/ssh/ssh_host_ed25519_key.pub.
[   17.660284] cloud-init[1027]: The key fingerprint is:
[   17.660689] cloud-init[1027]: SHA256:H/tDIeShMSVhbw3dGBvLo3VEGv8CKwDeTDEP3RByrTs root@ubuntu-bionic
[   17.661317] cloud-init[1027]: The key's randomart image is:
[   17.661833] cloud-init[1027]: +--[ED25519 256]--+
[   17.662284] cloud-init[1027]: |      . X=**+=o  |
[   17.662718] cloud-init[1027]: |     . *oO++=O.  |
[   17.663168] cloud-init[1027]: |      . +*+oX o  |
[   17.663564] cloud-init[1027]: |        .o+o.= . |
[   17.663995] cloud-init[1027]: |        S +o... .|
[   17.664415] cloud-init[1027]: |         .E+.  . |
[   17.664880] cloud-init[1027]: |          oo     |
[   17.665293] cloud-init[1027]: |           ..    |
[   17.665753] cloud-init[1027]: |            ..   |
[   17.666094] cloud-init[1027]: +----[SHA256]-----+
[[0;32m  OK  [0m] Started Initial cloud-init job (metadata service crawler).
[[0;32m  OK  [0m] Reached target Network is Online.
         Starting Availability of block devices...
[[0;32m  OK  [0m] Reached target Remote File Systems (Pre).
[[0;32m  OK  [0m] Reached target Remote File Systems.
[[0;32m  OK  [0m] Reached target Cloud-config availability.
[[0;32m  OK  [0m] Reached target System Initialization.
         Starting Socket activation for snappy daemon.
[[0;32m  OK  [0m] Listening on UUID daemon activation socket.
[[0;32m  OK  [0m] Started Ubuntu Advantage Timer for running repeated jobs.
[[0;32m  OK  [0m] Started Discard unused blocks once a week.
[[0;32m  OK  [0m] Started Daily Cleanup of Temporary Directories.
[[0;32m  OK  [0m] Started Daily apt download activities.
[[0;32m  OK  [0m] Started Daily apt upgrade and clean activities.
         Starting LXD - unix socket.
[[0;32m  OK  [0m] Listening on Open-iSCSI iscsid Socket.
[[0;32m  OK  [0m] Started ACPI Events Check.
[[0;32m  OK  [0m] Reached target Paths.
[[0;32m  OK  [0m] Listening on cloud-init hotplug hook socket.
[[0;32m  OK  [0m] Started Message of the Day.
[[0;32m  OK  [0m] Listening on ACPID Listen Socket.
[[0;32m  OK  [0m] Reached target Timers.
[[0;32m  OK  [0m] Listening on D-Bus System Message Bus Socket.
[[0;32m  OK  [0m] Started Availability of block devices.
[[0;32m  OK  [0m] Listening on Socket activation for snappy daemon.
[[0;32m  OK  [0m] Listening on LXD - unix socket.
[[0;32m  OK  [0m] Reached target Sockets.
[[0;32m  OK  [0m] Reached target Basic System.
         Starting Dispatcher daemon for systemd-networkd...
         Starting LSB: Record successful boot for GRUB...
         Starting Permit User Sessions...
[[0;32m  OK  [0m] Started Regular background program processing daemon.
         Starting LSB: automatic crash report generation...
[[0;32m  OK  [0m] Started D-Bus System Message Bus.
         Starting Virtualbox guest utils...
[[0;32m  OK  [0m] Started FUSE filesystem for LXC.
[[0;32m  OK  [0m] Started irqbalance daemon.
         Starting Pollinate to seed the pseudo random number generator...
         Starting Login Service...
[[0;32m  OK  [0m] Started Deferred execution scheduler.
         Starting LXD - container startup/shutdown...
[[0;32m  OK  [0m] Reached target Login Prompts (Pre).
         Starting Accounts Service...
         Starting System Logging Service...
         Starting Snap Daemon...
[[0;32m  OK  [0m] Started Permit User Sessions.
[[0;32m  OK  [0m] Started System Logging Service.
[[0;32m  OK  [0m] Started Login Service.
[[0;32m  OK  [0m] Started LSB: automatic crash report generation.
         Starting Authorization Manager...
[[0;32m  OK  [0m] Started Unattended Upgrades Shutdown.
         Starting Hostname Service...
         Starting Terminate Plymouth Boot Screen...
         Starting Hold until boot process finishes up...
[[0;32m  OK  [0m] Started Terminate Plymouth Boot Screen.
[[0;32m  OK  [0m] Started Hold until boot process finishes up.
[[0;32m  OK  [0m] Started Serial Getty on ttyS0.
         Starting Set console scheme...
[[0;32m  OK  [0m] Started Dispatcher daemon for systemd-networkd.
[[0;32m  OK  [0m] Started Set console scheme.
[[0;32m  OK  [0m] Created slice system-getty.slice.
[[0;32m  OK  [0m] Started Getty on tty1.
[[0;32m  OK  [0m] Reached target Login Prompts.
[[0;32m  OK  [0m] Started LSB: Record successful boot for GRUB.
[[0;32m  OK  [0m] Started Authorization Manager.
[[0;32m  OK  [0m] Started Accounts Service.
[[0;32m  OK  [0m] Started Hostname Service.
[[0;32m  OK  [0m] Started Virtualbox guest utils.
[[0;32m  OK  [0m] Started LXD - container startup/shutdown.
[[0;32m  OK  [0m] Started Pollinate to seed the pseudo random number generator.
         Starting OpenBSD Secure Shell server...
[[0;32m  OK  [0m] Started OpenBSD Secure Shell server.
[[0;32m  OK  [0m] Started Snap Daemon.
         Starting Wait until snapd is fully seeded...
[[0;32m  OK  [0m] Created slice User Slice of vagrant.
         Starting User Manager for UID 1000...
[[0;32m  OK  [0m] Started Session 1 of user vagrant.
[[0;32m  OK  [0m] Started User Manager for UID 1000.
         Starting Time & Date Service...
[[0;32m  OK  [0m] Started Time & Date Service.
[[0;32m  OK  [0m] Started Wait until snapd is fully seeded.
         Starting Apply the settings specified in cloud-config...
[   22.499385] cloud-init[1723]: Cloud-init v. 23.1.2-0ubuntu0~18.04.1 running 'modules:config' at Fri, 28 Feb 2025 18:16:58 +0000. Up 22.06 seconds.
[[0;32m  OK  [0m] Started Apply the settings specified in cloud-config.
[[0;32m  OK  [0m] Reached target Multi-User System.
[[0;32m  OK  [0m] Reached target Graphical Interface.
         Starting Update UTMP about System Runlevel Changes...
         Starting Execute cloud user/final scripts...
[[0;32m  OK  [0m] Started Update UTMP about System Runlevel Changes.
ci-info: no authorized SSH keys fingerprints found for user ubuntu.
<14>Feb 28 18:17:00 cloud-init: #############################################################
<14>Feb 28 18:17:00 cloud-init: -----BEGIN SSH HOST KEY FINGERPRINTS-----
<14>Feb 28 18:17:00 cloud-init: 1024 SHA256:0mr85xH+01j/KmcXkh/N5jAy5b6OBSUbgu7z+P1VG5E root@ubuntu-bionic (DSA)
<14>Feb 28 18:17:00 cloud-init: 256 SHA256:2mceUqNonLaNJlm8+7PylR8R1LRmRTIW3DOsSXYvmxA root@ubuntu-bionic (ECDSA)
<14>Feb 28 18:17:00 cloud-init: 256 SHA256:H/tDIeShMSVhbw3dGBvLo3VEGv8CKwDeTDEP3RByrTs root@ubuntu-bionic (ED25519)
<14>Feb 28 18:17:00 cloud-init: 2048 SHA256:A9hcZZ6tck1zNuefVR60wOlJ5kI44dWwQlMOr8sNFV8 root@ubuntu-bionic (RSA)
<14>Feb 28 18:17:00 cloud-init: -----END SSH HOST KEY FINGERPRINTS-----
<14>Feb 28 18:17:00 cloud-init: #############################################################
-----BEGIN SSH HOST KEY KEYS-----
ecdsa-sha2-nistp256 AAAAE2VjZHNhLXNoYTItbmlzdHAyNTYAAAAIbmlzdHAyNTYAAABBBIVZInushdJqeQQyCNIs9OUzgf91sAKw7gRc+KRZ1PTR0pkpM6XBjKf+tDKa+62jqb6aUYWrVYfOT59c4FO+k8A= root@ubuntu-bionic
ssh-ed25519 AAAAC3NzaC1lZDI1NTE5AAAAIGcSdvwzBK526yy/oV0w1k0BEvBiE5WXOodKmdtOf8/4 root@ubuntu-bionic
ssh-rsa AAAAB3NzaC1yc2EAAAADAQABAAABAQCuWdb0OfV9nf3Ht9al8+josisFs1SUiNSFy47RR0dUlJAVtr59BuQERPNTztfC0Dqp2RUWdNU/IVOoX/fqc54sZCplc+AUTpMbIbMCtMA1xI5dAMEX4UUXt5wpN3ILk8TfqnlohW7R4bvBLzeYQlj7jArG1cviRIZBqR0ImEm4ObM3x+7pxBfvr1KIw15X+XSg6xUSoHYKT5qWZDb9+VUqg6wohifCFGwCGFTRX+Y7NsvIROdhhc4CmOfYTPlncAfFF60RGBDEPeKQyO5HNHtWUXEVelml5A+MURsDE+FpxzTFs3iVy6Am4/IyWhRvKL8lzYAJPNBzoXyflFuoxTHN root@ubuntu-bionic
-----END SSH HOST KEY KEYS-----
[   23.338072] cloud-init[1827]: Cloud-init v. 23.1.2-0ubuntu0~18.04.1 running 'modules:final' at Fri, 28 Feb 2025 18:16:59 +0000. Up 23.09 seconds.
[   23.338155] cloud-init[1827]: Cloud-init v. 23.1.2-0ubuntu0~18.04.1 finished at Fri, 28 Feb 2025 18:17:00 +0000. Datasource DataSourceNoCloud [seed=/dev/sdb][dsmode=net].  Up 23.33 seconds

Ubuntu 18.04.6 LTS ubuntu-bionic ttyS0

ubuntu-bionic login: 